<?xml version="1.0" encoding="UTF-8"?>
<testsuite name="AppTest" tests="5" skipped="0" failures="0" errors="0" timestamp="2016-02-12T22:06:11" hostname="Annas-MacBook-Air.local" time="0.772">
  <properties/>
  <testcase name="wordPuzzler_replacesAllVowelsWithDashInTwoWords_dashWords" classname="AppTest" time="0.005"/>
  <testcase name="wordPuzzler_replacesAllVowelsWithDash_dashWord" classname="AppTest" time="0.0"/>
  <testcase name="rootTest" classname="AppTest" time="0.57"/>
  <testcase name="wordPuzzlerPage" classname="AppTest" time="0.153"/>
  <testcase name="wordPuzzler_replacesAllCaseVowelsWithDash_dashWord" classname="AppTest" time="0.001"/>
  <system-out><![CDATA[]]></system-out>
  <system-err><![CDATA[[Thread-4] INFO spark.webserver.SparkServer - == Spark has ignited ...
[Thread-4] INFO spark.webserver.SparkServer - >> Listening on 0.0.0.0:4567
[Thread-4] INFO org.eclipse.jetty.server.Server - jetty-9.0.2.v20130417
[Thread-4] INFO org.eclipse.jetty.server.ServerConnector - Started ServerConnector@4b5e667f{HTTP/1.1}{0.0.0.0:4567}
[Test worker] INFO spark.webserver.SparkServer - >>> Spark shutting down ...
[Test worker] INFO org.eclipse.jetty.server.Server - Graceful shutdown org.eclipse.jetty.server.Server@2c3aca05 by 
[Test worker] INFO org.eclipse.jetty.server.ServerConnector - Stopped ServerConnector@4b5e667f{HTTP/1.1}{0.0.0.0:4567}
[Test worker] INFO spark.webserver.SparkServer - done
]]></system-err>
</testsuite>
