<?xml version="1.0" encoding="UTF-8"?>
<testsuite name="AppTest" tests="3" skipped="0" failures="0" errors="0" timestamp="2016-02-12T16:15:25" hostname="Annas-MacBook-Air.local" time="0.341">
  <properties/>
  <testcase name="rootTest" classname="AppTest" time="0.313"/>
  <testcase name="isVowel_replacesAllVowelsWithDash_dashWord" classname="AppTest" time="0.001"/>
  <testcase name="isVowel_replacesAllCaseVowelsWithDash_dashWord" classname="AppTest" time="0.001"/>
  <system-out><![CDATA[]]></system-out>
  <system-err><![CDATA[]]></system-err>
</testsuite>
