<?xml version="1.0" encoding="UTF-8"?>
<testsuite name="AppTest" tests="2" skipped="0" failures="0" errors="0" timestamp="2016-02-12T16:09:37" hostname="Annas-MacBook-Air.local" time="0.341">
  <properties/>
  <testcase name="isVowel_replacesVowelWithDash_dash" classname="AppTest" time="0.007"/>
  <testcase name="rootTest" classname="AppTest" time="0.321"/>
  <system-out><![CDATA[]]></system-out>
  <system-err><![CDATA[]]></system-err>
</testsuite>
