<?xml version="1.0" encoding="UTF-8"?>
<testsuite name="AppTest" tests="4" skipped="0" failures="0" errors="0" timestamp="2016-02-12T16:18:29" hostname="Annas-MacBook-Air.local" time="0.334">
  <properties/>
  <testcase name="isVowel_replacesAllVowelsWithDashInTwoWords_dashWord" classname="AppTest" time="0.005"/>
  <testcase name="rootTest" classname="AppTest" time="0.29"/>
  <testcase name="isVowel_replacesAllVowelsWithDash_dashWord" classname="AppTest" time="0.001"/>
  <testcase name="isVowel_replacesAllCaseVowelsWithDash_dashWord" classname="AppTest" time="0.002"/>
  <system-out><![CDATA[b---T-f-l s-ng
]]></system-out>
  <system-err><![CDATA[]]></system-err>
</testsuite>
